<?xml version="1.0" encoding="UTF-8" standalone="yes"?>
<ns2:test-suite start="1504128840705" stop="1504128888530" version="1.5.4" xmlns:ns2="urn:model.allure.qatools.yandex.ru">
    <name>Default Suite : SberbankTest</name>
    <title>Default Suite : SberbankTest</title>
    <test-cases>
        <test-case start="1504128888471" stop="1504128888479" status="broken">
            <name>setUp</name>
            <description>@BeforeClass</description>
            <failure>
                <message>WebDriverException: Failed to connect to binary FirefoxBinary(C:\Program Files\Mozilla Firefox\firefox.exe) on port 7055; process output follows: 
gistering manifest for C:\Program Files\Mozilla Firefox\browser\features\webcompat@mozilla.org.xpi
1504128843424	addons.xpi	DEBUG	Calling bootstrap method startup on webcompat@mozilla.org version 1.1
1504128843428	addons.manager	DEBUG	Registering shutdown blocker for XPIProvider
1504128843428	addons.manager	DEBUG	Provider finished startup: XPIProvider
1504128843428	addons.manager	DEBUG	Starting provider: LightweightThemeManager
1504128843428	addons.manager	DEBUG	Registering shutdown blocker for LightweightThemeManager
1504128843428	addons.manager	DEBUG	Provider finished startup: LightweightThemeManager
1504128843429	addons.manager	DEBUG	Starting provider: GMPProvider
1504128843433	addons.manager	DEBUG	Registering shutdown blocker for GMPProvider
1504128843433	addons.manager	DEBUG	Provider finished startup: GMPProvider
1504128843433	addons.manager	DEBUG	Starting provider: PluginProvider
1504128843433	addons.manager	DEBUG	Registering shutdown blocker for PluginProvider
1504128843433	addons.manager	DEBUG	Provider finished startup: PluginProvider
1504128843434	addons.manager	DEBUG	Completed startup sequence
1504128844936	addons.manager	DEBUG	Starting provider: &lt;unnamed-provider&gt;
1504128844936	addons.manager	DEBUG	Registering shutdown blocker for &lt;unnamed-provider&gt;
1504128844936	addons.manager	DEBUG	Provider finished startup: &lt;unnamed-provider&gt;
1504128845099	DeferredSave.extensions.json	DEBUG	Write succeeded
1504128845099	addons.xpi-utils	DEBUG	XPI Database saved, setting schema version preference to 19
1504128845099	DeferredSave.extensions.json	DEBUG	Starting timer
1504128845110	addons.repository	DEBUG	No addons.json found.
1504128845111	DeferredSave.addons.json	DEBUG	Save changes
1504128845113	DeferredSave.addons.json	DEBUG	Starting timer
1504128845135	addons.manager	DEBUG	Starting provider: PreviousExperimentProvider
1504128845135	addons.manager	DEBUG	Registering shutdown blocker for PreviousExperimentProvider
1504128845135	addons.manager	DEBUG	Provider finished startup: PreviousExperimentProvider
1504128845139	DeferredSave.extensions.json	DEBUG	Starting write
1504128845164	DeferredSave.addons.json	DEBUG	Starting write
1504128845168	DeferredSave.extensions.json	DEBUG	Write succeeded
1504128845178	DeferredSave.addons.json	DEBUG	Write succeeded
1504128858870	addons.xpi	DEBUG	Calling bootstrap method shutdown on webcompat@mozilla.org version 1.1
1504128858870	addons.xpi	DEBUG	Calling bootstrap method shutdown on screenshots@mozilla.org version 6.6.0
1504128858871	addons.xpi	DEBUG	Calling bootstrap method shutdown on firefox@getpocket.com version 1.0.5
1504128858872	addons.xpi	DEBUG	Calling bootstrap method shutdown on e10srollout@mozilla.org version 1.50
1504128858873	addons.xpi	DEBUG	Calling bootstrap method shutdown on aushelper@mozilla.org version 2.0
[GPU 7812] WARNING: pipe error: 109: file c:/builds/moz2_slave/m-rel-w64-00000000000000000000/build/src/ipc/chromium/src/chrome/common/ipc_channel_win.cc, line 346
[Child 8848] WARNING: pipe error: 109: file c:/builds/moz2_slave/m-rel-w64-00000000000000000000/build/src/ipc/chromium/src/chrome/common/ipc_channel_win.cc, line 346
[Child 8848] WARNING: pipe error: 109: file c:/builds/moz2_slave/m-rel-w64-00000000000000000000/build/src/ipc/chromium/src/chrome/common/ipc_channel_win.cc, line 346
1504128859072	addons.manager	DEBUG	shutdown
1504128859073	addons.manager	DEBUG	Calling shutdown blocker for XPIProvider
1504128859073	addons.xpi	DEBUG	shutdown
1504128859073	addons.xpi-utils	DEBUG	shutdown
1504128859074	addons.manager	DEBUG	Calling shutdown blocker for LightweightThemeManager
1504128859074	addons.manager	DEBUG	Calling shutdown blocker for GMPProvider
1504128859076	addons.manager	DEBUG	Calling shutdown blocker for PluginProvider
1504128859077	addons.manager	DEBUG	Calling shutdown blocker for &lt;unnamed-provider&gt;
1504128859078	addons.manager	DEBUG	Calling shutdown blocker for PreviousExperimentProvider
1504128859081	addons.xpi	DEBUG	Notifying XPI shutdown observers
1504128859085	addons.manager	DEBUG	Async provider shutdown done

Build info: version: '2.53.1', revision: 'a36b8b1cd5757287168e54b817830adce9b0158d', time: '2016-06-30 19:26:09'
System info: host: 'Evil_pc', ip: '176.213.26.219', os.name: 'Windows 7', os.arch: 'amd64', os.version: '6.1', java.version: '1.8.0_131'
Driver info: driver.version: FirefoxDriver</message>
                <stack-trace>org.openqa.selenium.WebDriverException: Failed to connect to binary FirefoxBinary(C:\Program Files\Mozilla Firefox\firefox.exe) on port 7055; process output follows: 
gistering manifest for C:\Program Files\Mozilla Firefox\browser\features\webcompat@mozilla.org.xpi
1504128843424	addons.xpi	DEBUG	Calling bootstrap method startup on webcompat@mozilla.org version 1.1
1504128843428	addons.manager	DEBUG	Registering shutdown blocker for XPIProvider
1504128843428	addons.manager	DEBUG	Provider finished startup: XPIProvider
1504128843428	addons.manager	DEBUG	Starting provider: LightweightThemeManager
1504128843428	addons.manager	DEBUG	Registering shutdown blocker for LightweightThemeManager
1504128843428	addons.manager	DEBUG	Provider finished startup: LightweightThemeManager
1504128843429	addons.manager	DEBUG	Starting provider: GMPProvider
1504128843433	addons.manager	DEBUG	Registering shutdown blocker for GMPProvider
1504128843433	addons.manager	DEBUG	Provider finished startup: GMPProvider
1504128843433	addons.manager	DEBUG	Starting provider: PluginProvider
1504128843433	addons.manager	DEBUG	Registering shutdown blocker for PluginProvider
1504128843433	addons.manager	DEBUG	Provider finished startup: PluginProvider
1504128843434	addons.manager	DEBUG	Completed startup sequence
1504128844936	addons.manager	DEBUG	Starting provider: &lt;unnamed-provider&gt;
1504128844936	addons.manager	DEBUG	Registering shutdown blocker for &lt;unnamed-provider&gt;
1504128844936	addons.manager	DEBUG	Provider finished startup: &lt;unnamed-provider&gt;
1504128845099	DeferredSave.extensions.json	DEBUG	Write succeeded
1504128845099	addons.xpi-utils	DEBUG	XPI Database saved, setting schema version preference to 19
1504128845099	DeferredSave.extensions.json	DEBUG	Starting timer
1504128845110	addons.repository	DEBUG	No addons.json found.
1504128845111	DeferredSave.addons.json	DEBUG	Save changes
1504128845113	DeferredSave.addons.json	DEBUG	Starting timer
1504128845135	addons.manager	DEBUG	Starting provider: PreviousExperimentProvider
1504128845135	addons.manager	DEBUG	Registering shutdown blocker for PreviousExperimentProvider
1504128845135	addons.manager	DEBUG	Provider finished startup: PreviousExperimentProvider
1504128845139	DeferredSave.extensions.json	DEBUG	Starting write
1504128845164	DeferredSave.addons.json	DEBUG	Starting write
1504128845168	DeferredSave.extensions.json	DEBUG	Write succeeded
1504128845178	DeferredSave.addons.json	DEBUG	Write succeeded
1504128858870	addons.xpi	DEBUG	Calling bootstrap method shutdown on webcompat@mozilla.org version 1.1
1504128858870	addons.xpi	DEBUG	Calling bootstrap method shutdown on screenshots@mozilla.org version 6.6.0
1504128858871	addons.xpi	DEBUG	Calling bootstrap method shutdown on firefox@getpocket.com version 1.0.5
1504128858872	addons.xpi	DEBUG	Calling bootstrap method shutdown on e10srollout@mozilla.org version 1.50
1504128858873	addons.xpi	DEBUG	Calling bootstrap method shutdown on aushelper@mozilla.org version 2.0
[GPU 7812] WARNING: pipe error: 109: file c:/builds/moz2_slave/m-rel-w64-00000000000000000000/build/src/ipc/chromium/src/chrome/common/ipc_channel_win.cc, line 346
[Child 8848] WARNING: pipe error: 109: file c:/builds/moz2_slave/m-rel-w64-00000000000000000000/build/src/ipc/chromium/src/chrome/common/ipc_channel_win.cc, line 346
[Child 8848] WARNING: pipe error: 109: file c:/builds/moz2_slave/m-rel-w64-00000000000000000000/build/src/ipc/chromium/src/chrome/common/ipc_channel_win.cc, line 346
1504128859072	addons.manager	DEBUG	shutdown
1504128859073	addons.manager	DEBUG	Calling shutdown blocker for XPIProvider
1504128859073	addons.xpi	DEBUG	shutdown
1504128859073	addons.xpi-utils	DEBUG	shutdown
1504128859074	addons.manager	DEBUG	Calling shutdown blocker for LightweightThemeManager
1504128859074	addons.manager	DEBUG	Calling shutdown blocker for GMPProvider
1504128859076	addons.manager	DEBUG	Calling shutdown blocker for PluginProvider
1504128859077	addons.manager	DEBUG	Calling shutdown blocker for &lt;unnamed-provider&gt;
1504128859078	addons.manager	DEBUG	Calling shutdown blocker for PreviousExperimentProvider
1504128859081	addons.xpi	DEBUG	Notifying XPI shutdown observers
1504128859085	addons.manager	DEBUG	Async provider shutdown done

Build info: version: '2.53.1', revision: 'a36b8b1cd5757287168e54b817830adce9b0158d', time: '2016-06-30 19:26:09'
System info: host: 'Evil_pc', ip: '176.213.26.219', os.name: 'Windows 7', os.arch: 'amd64', os.version: '6.1', java.version: '1.8.0_131'
Driver info: driver.version: FirefoxDriver
	at org.openqa.selenium.firefox.internal.NewProfileExtensionConnection.start(NewProfileExtensionConnection.java:125)
	at org.openqa.selenium.firefox.FirefoxDriver.startClient(FirefoxDriver.java:271)
	at org.openqa.selenium.remote.RemoteWebDriver.&lt;init&gt;(RemoteWebDriver.java:119)
	at org.openqa.selenium.firefox.FirefoxDriver.&lt;init&gt;(FirefoxDriver.java:216)
	at org.openqa.selenium.firefox.FirefoxDriver.&lt;init&gt;(FirefoxDriver.java:211)
	at org.openqa.selenium.firefox.FirefoxDriver.&lt;init&gt;(FirefoxDriver.java:207)
	at org.openqa.selenium.firefox.FirefoxDriver.&lt;init&gt;(FirefoxDriver.java:120)
	at ru.sberbank.SberbankTest.setUp(SberbankTest.java:25)
	at sun.reflect.NativeMethodAccessorImpl.invoke0(Native Method)
	at sun.reflect.NativeMethodAccessorImpl.invoke(NativeMethodAccessorImpl.java:62)
	at sun.reflect.DelegatingMethodAccessorImpl.invoke(DelegatingMethodAccessorImpl.java:43)
	at java.lang.reflect.Method.invoke(Method.java:498)
	at org.testng.internal.MethodInvocationHelper.invokeMethod(MethodInvocationHelper.java:85)
	at org.testng.internal.Invoker.invokeConfigurationMethod(Invoker.java:510)
	at org.testng.internal.Invoker.invokeConfigurations(Invoker.java:211)
	at org.testng.internal.Invoker.invokeConfigurations(Invoker.java:138)
	at org.testng.internal.TestMethodWorker.invokeBeforeClassMethods(TestMethodWorker.java:170)
	at org.testng.internal.TestMethodWorker.run(TestMethodWorker.java:104)
	at org.testng.TestRunner.privateRun(TestRunner.java:773)
	at org.testng.TestRunner.run(TestRunner.java:623)
	at org.testng.SuiteRunner.runTest(SuiteRunner.java:357)
	at org.testng.SuiteRunner.runSequentially(SuiteRunner.java:352)
	at org.testng.SuiteRunner.privateRun(SuiteRunner.java:310)
	at org.testng.SuiteRunner.run(SuiteRunner.java:259)
	at org.testng.SuiteRunnerWorker.runSuite(SuiteRunnerWorker.java:52)
	at org.testng.SuiteRunnerWorker.run(SuiteRunnerWorker.java:86)
	at org.testng.TestNG.runSuitesSequentially(TestNG.java:1185)
	at org.testng.TestNG.runSuitesLocally(TestNG.java:1110)
	at org.testng.TestNG.run(TestNG.java:1018)
	at org.testng.IDEARemoteTestNG.run(IDEARemoteTestNG.java:72)
	at org.testng.RemoteTestNGStarter.main(RemoteTestNGStarter.java:123)
Caused by: org.openqa.selenium.firefox.NotConnectedException: Unable to connect to host 127.0.0.1 on port 7055 after 45000 ms. Firefox console output:
gistering manifest for C:\Program Files\Mozilla Firefox\browser\features\webcompat@mozilla.org.xpi
1504128843424	addons.xpi	DEBUG	Calling bootstrap method startup on webcompat@mozilla.org version 1.1
1504128843428	addons.manager	DEBUG	Registering shutdown blocker for XPIProvider
1504128843428	addons.manager	DEBUG	Provider finished startup: XPIProvider
1504128843428	addons.manager	DEBUG	Starting provider: LightweightThemeManager
1504128843428	addons.manager	DEBUG	Registering shutdown blocker for LightweightThemeManager
1504128843428	addons.manager	DEBUG	Provider finished startup: LightweightThemeManager
1504128843429	addons.manager	DEBUG	Starting provider: GMPProvider
1504128843433	addons.manager	DEBUG	Registering shutdown blocker for GMPProvider
1504128843433	addons.manager	DEBUG	Provider finished startup: GMPProvider
1504128843433	addons.manager	DEBUG	Starting provider: PluginProvider
1504128843433	addons.manager	DEBUG	Registering shutdown blocker for PluginProvider
1504128843433	addons.manager	DEBUG	Provider finished startup: PluginProvider
1504128843434	addons.manager	DEBUG	Completed startup sequence
1504128844936	addons.manager	DEBUG	Starting provider: &lt;unnamed-provider&gt;
1504128844936	addons.manager	DEBUG	Registering shutdown blocker for &lt;unnamed-provider&gt;
1504128844936	addons.manager	DEBUG	Provider finished startup: &lt;unnamed-provider&gt;
1504128845099	DeferredSave.extensions.json	DEBUG	Write succeeded
1504128845099	addons.xpi-utils	DEBUG	XPI Database saved, setting schema version preference to 19
1504128845099	DeferredSave.extensions.json	DEBUG	Starting timer
1504128845110	addons.repository	DEBUG	No addons.json found.
1504128845111	DeferredSave.addons.json	DEBUG	Save changes
1504128845113	DeferredSave.addons.json	DEBUG	Starting timer
1504128845135	addons.manager	DEBUG	Starting provider: PreviousExperimentProvider
1504128845135	addons.manager	DEBUG	Registering shutdown blocker for PreviousExperimentProvider
1504128845135	addons.manager	DEBUG	Provider finished startup: PreviousExperimentProvider
1504128845139	DeferredSave.extensions.json	DEBUG	Starting write
1504128845164	DeferredSave.addons.json	DEBUG	Starting write
1504128845168	DeferredSave.extensions.json	DEBUG	Write succeeded
1504128845178	DeferredSave.addons.json	DEBUG	Write succeeded
1504128858870	addons.xpi	DEBUG	Calling bootstrap method shutdown on webcompat@mozilla.org version 1.1
1504128858870	addons.xpi	DEBUG	Calling bootstrap method shutdown on screenshots@mozilla.org version 6.6.0
1504128858871	addons.xpi	DEBUG	Calling bootstrap method shutdown on firefox@getpocket.com version 1.0.5
1504128858872	addons.xpi	DEBUG	Calling bootstrap method shutdown on e10srollout@mozilla.org version 1.50
1504128858873	addons.xpi	DEBUG	Calling bootstrap method shutdown on aushelper@mozilla.org version 2.0
[GPU 7812] WARNING: pipe error: 109: file c:/builds/moz2_slave/m-rel-w64-00000000000000000000/build/src/ipc/chromium/src/chrome/common/ipc_channel_win.cc, line 346
[Child 8848] WARNING: pipe error: 109: file c:/builds/moz2_slave/m-rel-w64-00000000000000000000/build/src/ipc/chromium/src/chrome/common/ipc_channel_win.cc, line 346
[Child 8848] WARNING: pipe error: 109: file c:/builds/moz2_slave/m-rel-w64-00000000000000000000/build/src/ipc/chromium/src/chrome/common/ipc_channel_win.cc, line 346
1504128859072	addons.manager	DEBUG	shutdown
1504128859073	addons.manager	DEBUG	Calling shutdown blocker for XPIProvider
1504128859073	addons.xpi	DEBUG	shutdown
1504128859073	addons.xpi-utils	DEBUG	shutdown
1504128859074	addons.manager	DEBUG	Calling shutdown blocker for LightweightThemeManager
1504128859074	addons.manager	DEBUG	Calling shutdown blocker for GMPProvider
1504128859076	addons.manager	DEBUG	Calling shutdown blocker for PluginProvider
1504128859077	addons.manager	DEBUG	Calling shutdown blocker for &lt;unnamed-provider&gt;
1504128859078	addons.manager	DEBUG	Calling shutdown blocker for PreviousExperimentProvider
1504128859081	addons.xpi	DEBUG	Notifying XPI shutdown observers
1504128859085	addons.manager	DEBUG	Async provider shutdown done

	at org.openqa.selenium.firefox.internal.NewProfileExtensionConnection.start(NewProfileExtensionConnection.java:113)
	... 30 more
</stack-trace>
            </failure>
            <steps/>
            <attachments/>
            <labels>
                <label name="host" value="Evil_pc"/>
                <label name="thread" value="8760@Evil_pc.main(1)"/>
            </labels>
        </test-case>
        <test-case start="1504128888521" stop="1504128888525" status="canceled">
            <name>gotoSocialGroupsInFooterCheckSocialLinks</name>
            <failure>
                <message>: Skipped due to dependency on other skipped or failed test methods</message>
                <stack-trace>ru.yandex.qatools.allure.testng.AllureTestListener$1: Skipped due to dependency on other skipped or failed test methods
	at ru.yandex.qatools.allure.testng.AllureTestListener.fireTestCaseCancel(AllureTestListener.java:425)
	at ru.yandex.qatools.allure.testng.AllureTestListener.onTestSkipped(AllureTestListener.java:186)
	at org.testng.internal.Invoker.runTestListeners(Invoker.java:1691)
	at org.testng.internal.Invoker.runTestListeners(Invoker.java:1683)
	at org.testng.internal.Invoker.invokeMethod(Invoker.java:697)
	at org.testng.internal.Invoker.invokeTestMethod(Invoker.java:821)
	at org.testng.internal.Invoker.invokeTestMethods(Invoker.java:1131)
	at org.testng.internal.TestMethodWorker.invokeTestMethods(TestMethodWorker.java:124)
	at org.testng.internal.TestMethodWorker.run(TestMethodWorker.java:108)
	at org.testng.TestRunner.privateRun(TestRunner.java:773)
	at org.testng.TestRunner.run(TestRunner.java:623)
	at org.testng.SuiteRunner.runTest(SuiteRunner.java:357)
	at org.testng.SuiteRunner.runSequentially(SuiteRunner.java:352)
	at org.testng.SuiteRunner.privateRun(SuiteRunner.java:310)
	at org.testng.SuiteRunner.run(SuiteRunner.java:259)
	at org.testng.SuiteRunnerWorker.runSuite(SuiteRunnerWorker.java:52)
	at org.testng.SuiteRunnerWorker.run(SuiteRunnerWorker.java:86)
	at org.testng.TestNG.runSuitesSequentially(TestNG.java:1185)
	at org.testng.TestNG.runSuitesLocally(TestNG.java:1110)
	at org.testng.TestNG.run(TestNG.java:1018)
	at org.testng.IDEARemoteTestNG.run(IDEARemoteTestNG.java:72)
	at org.testng.RemoteTestNGStarter.main(RemoteTestNGStarter.java:123)
</stack-trace>
            </failure>
            <steps/>
            <attachments/>
            <labels>
                <label name="testSuite" value="Default Suite"/>
                <label name="testGroup" value="SberbankTest"/>
                <label name="testClass" value="ru.sberbank.SberbankTest"/>
                <label name="testMethod" value="gotoSocialGroupsInFooterCheckSocialLinks"/>
                <label name="host" value="Evil_pc"/>
                <label name="thread" value="8760@Evil_pc.main(1)"/>
            </labels>
        </test-case>
        <test-case start="1504128888526" stop="1504128888526" status="canceled">
            <name>tearDown</name>
            <description>@AfterClass</description>
            <failure>
                <message>: Skipped due to dependency on other skipped or failed test methods</message>
                <stack-trace>ru.yandex.qatools.allure.testng.AllureTestListener$1: Skipped due to dependency on other skipped or failed test methods
	at ru.yandex.qatools.allure.testng.AllureTestListener.fireTestCaseCancel(AllureTestListener.java:425)
	at ru.yandex.qatools.allure.testng.AllureTestListener.onConfigurationSkip(AllureTestListener.java:120)
	at org.testng.internal.Invoker.runConfigurationListeners(Invoker.java:1669)
	at org.testng.internal.Invoker.handleConfigurationSkip(Invoker.java:253)
	at org.testng.internal.Invoker.invokeConfigurations(Invoker.java:191)
	at org.testng.internal.Invoker.invokeConfigurations(Invoker.java:138)
	at org.testng.internal.TestMethodWorker.invokeAfterClassMethods(TestMethodWorker.java:220)
	at org.testng.internal.TestMethodWorker.run(TestMethodWorker.java:111)
	at org.testng.TestRunner.privateRun(TestRunner.java:773)
	at org.testng.TestRunner.run(TestRunner.java:623)
	at org.testng.SuiteRunner.runTest(SuiteRunner.java:357)
	at org.testng.SuiteRunner.runSequentially(SuiteRunner.java:352)
	at org.testng.SuiteRunner.privateRun(SuiteRunner.java:310)
	at org.testng.SuiteRunner.run(SuiteRunner.java:259)
	at org.testng.SuiteRunnerWorker.runSuite(SuiteRunnerWorker.java:52)
	at org.testng.SuiteRunnerWorker.run(SuiteRunnerWorker.java:86)
	at org.testng.TestNG.runSuitesSequentially(TestNG.java:1185)
	at org.testng.TestNG.runSuitesLocally(TestNG.java:1110)
	at org.testng.TestNG.run(TestNG.java:1018)
	at org.testng.IDEARemoteTestNG.run(IDEARemoteTestNG.java:72)
	at org.testng.RemoteTestNGStarter.main(RemoteTestNGStarter.java:123)
</stack-trace>
            </failure>
            <steps/>
            <attachments/>
            <labels>
                <label name="host" value="Evil_pc"/>
                <label name="thread" value="8760@Evil_pc.main(1)"/>
            </labels>
        </test-case>
    </test-cases>
    <labels>
        <label name="framework" value="TestNG"/>
        <label name="language" value="JAVA"/>
    </labels>
</ns2:test-suite>
